{"D:\\DATA KULIAH\\SEMESTER 6\\BIGIO\\TUGAS\\Latihan Express\\TUGAS 1\\app.js": {"path":"D:\\DATA KULIAH\\SEMESTER 6\\BIGIO\\TUGAS\\Latihan Express\\TUGAS 1\\app.js","statementMap":{"0":{"start":{"line":1,"column":16},"end":{"line":1,"column":34}},"1":{"start":{"line":2,"column":15},"end":{"line":2,"column":37}},"2":{"start":{"line":3,"column":12},"end":{"line":3,"column":21}},"3":{"start":{"line":4,"column":13},"end":{"line":4,"column":17}},"4":{"start":{"line":5,"column":13},"end":{"line":5,"column":28}},"5":{"start":{"line":7,"column":23},"end":{"line":7,"column":58}},"6":{"start":{"line":8,"column":25},"end":{"line":8,"column":62}},"7":{"start":{"line":9,"column":19},"end":{"line":9,"column":50}},"8":{"start":{"line":10,"column":19},"end":{"line":10,"column":50}},"9":{"start":{"line":12,"column":0},"end":{"line":12,"column":16}},"10":{"start":{"line":13,"column":0},"end":{"line":13,"column":23}},"11":{"start":{"line":14,"column":0},"end":{"line":14,"column":47}},"12":{"start":{"line":15,"column":0},"end":{"line":15,"column":29}},"13":{"start":{"line":16,"column":0},"end":{"line":16,"column":31}},"14":{"start":{"line":17,"column":0},"end":{"line":17,"column":25}},"15":{"start":{"line":18,"column":0},"end":{"line":18,"column":25}},"16":{"start":{"line":20,"column":15},"end":{"line":22,"column":2}},"17":{"start":{"line":21,"column":4},"end":{"line":21,"column":61}},"18":{"start":{"line":23,"column":0},"end":{"line":23,"column":24}}},"fnMap":{"0":{"name":"(anonymous_0)","decl":{"start":{"line":20,"column":32},"end":{"line":20,"column":33}},"loc":{"start":{"line":20,"column":38},"end":{"line":22,"column":1}},"line":20}},"branchMap":{},"s":{"0":1,"1":1,"2":1,"3":1,"4":1,"5":1,"6":1,"7":1,"8":1,"9":1,"10":1,"11":1,"12":1,"13":1,"14":1,"15":1,"16":1,"17":1,"18":1},"f":{"0":1},"b":{},"_coverageSchema":"1a1c01bbd47fc00a2c39e90264f33305004495a9","hash":"e93ab68409c664192e82342c79931270c5c41892"}
,"D:\\DATA KULIAH\\SEMESTER 6\\BIGIO\\TUGAS\\Latihan Express\\TUGAS 1\\config\\config.js": {"path":"D:\\DATA KULIAH\\SEMESTER 6\\BIGIO\\TUGAS\\Latihan Express\\TUGAS 1\\config\\config.js","statementMap":{"0":{"start":{"line":1,"column":15},"end":{"line":1,"column":32}},"1":{"start":{"line":4,"column":0},"end":{"line":4,"column":32}},"2":{"start":{"line":6,"column":0},"end":{"line":28,"column":2}}},"fnMap":{},"branchMap":{},"s":{"0":1,"1":1,"2":1},"f":{},"b":{},"_coverageSchema":"1a1c01bbd47fc00a2c39e90264f33305004495a9","hash":"95e2b85c6cc26eddb440cf70818231ece50b9999"}
,"D:\\DATA KULIAH\\SEMESTER 6\\BIGIO\\TUGAS\\Latihan Express\\TUGAS 1\\controller\\attendance.controller.js": {"path":"D:\\DATA KULIAH\\SEMESTER 6\\BIGIO\\TUGAS\\Latihan Express\\TUGAS 1\\controller\\attendance.controller.js","statementMap":{"0":{"start":{"line":1,"column":39},"end":{"line":1,"column":59}},"1":{"start":{"line":2,"column":24},"end":{"line":2,"column":47}},"2":{"start":{"line":6,"column":22},"end":{"line":46,"column":1}},"3":{"start":{"line":7,"column":23},"end":{"line":7,"column":48}},"4":{"start":{"line":9,"column":4},"end":{"line":13,"column":5}},"5":{"start":{"line":10,"column":8},"end":{"line":12,"column":69}},"6":{"start":{"line":16,"column":18},"end":{"line":16,"column":42}},"7":{"start":{"line":18,"column":4},"end":{"line":45,"column":5}},"8":{"start":{"line":19,"column":24},"end":{"line":19,"column":42}},"9":{"start":{"line":20,"column":8},"end":{"line":24,"column":9}},"10":{"start":{"line":21,"column":12},"end":{"line":23,"column":66}},"11":{"start":{"line":27,"column":8},"end":{"line":27,"column":27}},"12":{"start":{"line":30,"column":8},"end":{"line":39,"column":9}},"13":{"start":{"line":31,"column":31},"end":{"line":34,"column":14}},"14":{"start":{"line":35,"column":12},"end":{"line":35,"column":33}},"15":{"start":{"line":37,"column":12},"end":{"line":37,"column":33}},"16":{"start":{"line":38,"column":12},"end":{"line":38,"column":59}},"17":{"start":{"line":41,"column":8},"end":{"line":41,"column":63}},"18":{"start":{"line":42,"column":8},"end":{"line":44,"column":11}},"19":{"start":{"line":64,"column":32},"end":{"line":93,"column":1}},"20":{"start":{"line":65,"column":42},"end":{"line":65,"column":51}},"21":{"start":{"line":66,"column":19},"end":{"line":66,"column":43}},"22":{"start":{"line":68,"column":4},"end":{"line":68,"column":43}},"23":{"start":{"line":69,"column":4},"end":{"line":92,"column":5}},"24":{"start":{"line":70,"column":26},"end":{"line":70,"column":50}},"25":{"start":{"line":71,"column":22},"end":{"line":71,"column":56}},"26":{"start":{"line":73,"column":27},"end":{"line":82,"column":10}},"27":{"start":{"line":84,"column":8},"end":{"line":88,"column":11}},"28":{"start":{"line":90,"column":8},"end":{"line":90,"column":29}},"29":{"start":{"line":91,"column":8},"end":{"line":91,"column":54}},"30":{"start":{"line":95,"column":26},"end":{"line":109,"column":1}},"31":{"start":{"line":96,"column":4},"end":{"line":108,"column":5}},"32":{"start":{"line":97,"column":27},"end":{"line":103,"column":10}},"33":{"start":{"line":104,"column":8},"end":{"line":104,"column":29}},"34":{"start":{"line":106,"column":8},"end":{"line":106,"column":27}},"35":{"start":{"line":107,"column":8},"end":{"line":107,"column":55}},"36":{"start":{"line":111,"column":25},"end":{"line":119,"column":1}},"37":{"start":{"line":112,"column":4},"end":{"line":118,"column":5}},"38":{"start":{"line":113,"column":27},"end":{"line":113,"column":60}},"39":{"start":{"line":114,"column":8},"end":{"line":114,"column":29}},"40":{"start":{"line":116,"column":8},"end":{"line":116,"column":27}},"41":{"start":{"line":117,"column":8},"end":{"line":117,"column":55}},"42":{"start":{"line":121,"column":25},"end":{"line":137,"column":1}},"43":{"start":{"line":122,"column":15},"end":{"line":122,"column":28}},"44":{"start":{"line":123,"column":15},"end":{"line":123,"column":23}},"45":{"start":{"line":124,"column":4},"end":{"line":136,"column":5}},"46":{"start":{"line":125,"column":23},"end":{"line":127,"column":10}},"47":{"start":{"line":129,"column":8},"end":{"line":129,"column":75}},"48":{"start":{"line":129,"column":21},"end":{"line":129,"column":75}},"49":{"start":{"line":131,"column":8},"end":{"line":131,"column":69}},"50":{"start":{"line":133,"column":8},"end":{"line":135,"column":75}},"51":{"start":{"line":139,"column":25},"end":{"line":154,"column":1}},"52":{"start":{"line":140,"column":15},"end":{"line":140,"column":28}},"53":{"start":{"line":141,"column":4},"end":{"line":153,"column":5}},"54":{"start":{"line":142,"column":23},"end":{"line":144,"column":10}},"55":{"start":{"line":146,"column":8},"end":{"line":146,"column":75}},"56":{"start":{"line":146,"column":21},"end":{"line":146,"column":75}},"57":{"start":{"line":148,"column":8},"end":{"line":148,"column":70}},"58":{"start":{"line":150,"column":8},"end":{"line":152,"column":75}},"59":{"start":{"line":156,"column":0},"end":{"line":163,"column":2}}},"fnMap":{"0":{"name":"(anonymous_0)","decl":{"start":{"line":6,"column":22},"end":{"line":6,"column":23}},"loc":{"start":{"line":6,"column":48},"end":{"line":46,"column":1}},"line":6},"1":{"name":"(anonymous_1)","decl":{"start":{"line":64,"column":32},"end":{"line":64,"column":33}},"loc":{"start":{"line":64,"column":52},"end":{"line":93,"column":1}},"line":64},"2":{"name":"(anonymous_2)","decl":{"start":{"line":95,"column":26},"end":{"line":95,"column":27}},"loc":{"start":{"line":95,"column":46},"end":{"line":109,"column":1}},"line":95},"3":{"name":"(anonymous_3)","decl":{"start":{"line":111,"column":25},"end":{"line":111,"column":26}},"loc":{"start":{"line":111,"column":45},"end":{"line":119,"column":1}},"line":111},"4":{"name":"(anonymous_4)","decl":{"start":{"line":121,"column":25},"end":{"line":121,"column":26}},"loc":{"start":{"line":121,"column":45},"end":{"line":137,"column":1}},"line":121},"5":{"name":"(anonymous_5)","decl":{"start":{"line":139,"column":25},"end":{"line":139,"column":26}},"loc":{"start":{"line":139,"column":45},"end":{"line":154,"column":1}},"line":139}},"branchMap":{"0":{"loc":{"start":{"line":9,"column":4},"end":{"line":13,"column":5}},"type":"if","locations":[{"start":{"line":9,"column":4},"end":{"line":13,"column":5}},{"start":{},"end":{}}],"line":9},"1":{"loc":{"start":{"line":9,"column":8},"end":{"line":9,"column":56}},"type":"binary-expr","locations":[{"start":{"line":9,"column":8},"end":{"line":9,"column":19}},{"start":{"line":9,"column":23},"end":{"line":9,"column":56}}],"line":9},"2":{"loc":{"start":{"line":20,"column":8},"end":{"line":24,"column":9}},"type":"if","locations":[{"start":{"line":20,"column":8},"end":{"line":24,"column":9}},{"start":{},"end":{}}],"line":20},"3":{"loc":{"start":{"line":65,"column":12},"end":{"line":65,"column":20}},"type":"default-arg","locations":[{"start":{"line":65,"column":19},"end":{"line":65,"column":20}}],"line":65},"4":{"loc":{"start":{"line":65,"column":22},"end":{"line":65,"column":37}},"type":"default-arg","locations":[{"start":{"line":65,"column":36},"end":{"line":65,"column":37}}],"line":65},"5":{"loc":{"start":{"line":129,"column":8},"end":{"line":129,"column":75}},"type":"if","locations":[{"start":{"line":129,"column":8},"end":{"line":129,"column":75}},{"start":{},"end":{}}],"line":129},"6":{"loc":{"start":{"line":146,"column":8},"end":{"line":146,"column":75}},"type":"if","locations":[{"start":{"line":146,"column":8},"end":{"line":146,"column":75}},{"start":{},"end":{}}],"line":146}},"s":{"0":1,"1":1,"2":1,"3":0,"4":0,"5":0,"6":0,"7":0,"8":0,"9":0,"10":0,"11":0,"12":0,"13":0,"14":0,"15":0,"16":0,"17":0,"18":0,"19":1,"20":0,"21":0,"22":0,"23":0,"24":0,"25":0,"26":0,"27":0,"28":0,"29":0,"30":1,"31":0,"32":0,"33":0,"34":0,"35":0,"36":1,"37":0,"38":0,"39":0,"40":0,"41":0,"42":1,"43":0,"44":0,"45":0,"46":0,"47":0,"48":0,"49":0,"50":0,"51":1,"52":0,"53":0,"54":0,"55":0,"56":0,"57":0,"58":0,"59":1},"f":{"0":0,"1":0,"2":0,"3":0,"4":0,"5":0},"b":{"0":[0,0],"1":[0,0],"2":[0,0],"3":[0],"4":[0],"5":[0,0],"6":[0,0]},"_coverageSchema":"1a1c01bbd47fc00a2c39e90264f33305004495a9","hash":"35a32e1b978ebf44e5043778a79e33220f07e8c8"}
,"D:\\DATA KULIAH\\SEMESTER 6\\BIGIO\\TUGAS\\Latihan Express\\TUGAS 1\\controller\\auth.controller.js": {"path":"D:\\DATA KULIAH\\SEMESTER 6\\BIGIO\\TUGAS\\Latihan Express\\TUGAS 1\\controller\\auth.controller.js","statementMap":{"0":{"start":{"line":1,"column":42},"end":{"line":1,"column":68}},"1":{"start":{"line":2,"column":39},"end":{"line":2,"column":59}},"2":{"start":{"line":3,"column":26},"end":{"line":3,"column":49}},"3":{"start":{"line":4,"column":27},"end":{"line":4,"column":69}},"4":{"start":{"line":6,"column":15},"end":{"line":25,"column":1}},"5":{"start":{"line":7,"column":35},"end":{"line":7,"column":43}},"6":{"start":{"line":9,"column":17},"end":{"line":9,"column":60}},"7":{"start":{"line":10,"column":4},"end":{"line":14,"column":5}},"8":{"start":{"line":11,"column":8},"end":{"line":13,"column":63}},"9":{"start":{"line":16,"column":20},"end":{"line":16,"column":66}},"10":{"start":{"line":17,"column":4},"end":{"line":21,"column":5}},"11":{"start":{"line":18,"column":8},"end":{"line":20,"column":63}},"12":{"start":{"line":22,"column":18},"end":{"line":22,"column":37}},"13":{"start":{"line":24,"column":4},"end":{"line":24,"column":24}},"14":{"start":{"line":27,"column":15},"end":{"line":55,"column":1}},"15":{"start":{"line":28,"column":35},"end":{"line":28,"column":43}},"16":{"start":{"line":29,"column":29},"end":{"line":32,"column":6}},"17":{"start":{"line":34,"column":4},"end":{"line":38,"column":5}},"18":{"start":{"line":35,"column":8},"end":{"line":37,"column":63}},"19":{"start":{"line":40,"column":25},"end":{"line":40,"column":68}},"20":{"start":{"line":41,"column":4},"end":{"line":43,"column":5}},"21":{"start":{"line":42,"column":8},"end":{"line":42,"column":72}},"22":{"start":{"line":45,"column":27},"end":{"line":45,"column":55}},"23":{"start":{"line":47,"column":17},"end":{"line":50,"column":6}},"24":{"start":{"line":52,"column":18},"end":{"line":52,"column":37}},"25":{"start":{"line":54,"column":4},"end":{"line":54,"column":24}},"26":{"start":{"line":57,"column":0},"end":{"line":60,"column":2}}},"fnMap":{"0":{"name":"(anonymous_0)","decl":{"start":{"line":6,"column":15},"end":{"line":6,"column":16}},"loc":{"start":{"line":6,"column":35},"end":{"line":25,"column":1}},"line":6},"1":{"name":"(anonymous_1)","decl":{"start":{"line":27,"column":15},"end":{"line":27,"column":16}},"loc":{"start":{"line":27,"column":35},"end":{"line":55,"column":1}},"line":27}},"branchMap":{"0":{"loc":{"start":{"line":10,"column":4},"end":{"line":14,"column":5}},"type":"if","locations":[{"start":{"line":10,"column":4},"end":{"line":14,"column":5}},{"start":{},"end":{}}],"line":10},"1":{"loc":{"start":{"line":17,"column":4},"end":{"line":21,"column":5}},"type":"if","locations":[{"start":{"line":17,"column":4},"end":{"line":21,"column":5}},{"start":{},"end":{}}],"line":17},"2":{"loc":{"start":{"line":34,"column":4},"end":{"line":38,"column":5}},"type":"if","locations":[{"start":{"line":34,"column":4},"end":{"line":38,"column":5}},{"start":{},"end":{}}],"line":34},"3":{"loc":{"start":{"line":41,"column":4},"end":{"line":43,"column":5}},"type":"if","locations":[{"start":{"line":41,"column":4},"end":{"line":43,"column":5}},{"start":{},"end":{}}],"line":41}},"s":{"0":1,"1":1,"2":1,"3":1,"4":1,"5":0,"6":0,"7":0,"8":0,"9":0,"10":0,"11":0,"12":0,"13":0,"14":1,"15":0,"16":0,"17":0,"18":0,"19":0,"20":0,"21":0,"22":0,"23":0,"24":0,"25":0,"26":1},"f":{"0":0,"1":0},"b":{"0":[0,0],"1":[0,0],"2":[0,0],"3":[0,0]},"_coverageSchema":"1a1c01bbd47fc00a2c39e90264f33305004495a9","hash":"f59c659683243c374d6b455cc78b6c24950d9531"}
,"D:\\DATA KULIAH\\SEMESTER 6\\BIGIO\\TUGAS\\Latihan Express\\TUGAS 1\\controller\\employee.controller.js": {"path":"D:\\DATA KULIAH\\SEMESTER 6\\BIGIO\\TUGAS\\Latihan Express\\TUGAS 1\\controller\\employee.controller.js","statementMap":{"0":{"start":{"line":1,"column":39},"end":{"line":1,"column":59}},"1":{"start":{"line":4,"column":20},"end":{"line":7,"column":1}},"2":{"start":{"line":5,"column":21},"end":{"line":5,"column":45}},"3":{"start":{"line":6,"column":4},"end":{"line":6,"column":23}},"4":{"start":{"line":9,"column":24},"end":{"line":12,"column":1}},"5":{"start":{"line":10,"column":21},"end":{"line":10,"column":59}},"6":{"start":{"line":11,"column":4},"end":{"line":11,"column":23}},"7":{"start":{"line":14,"column":23},"end":{"line":22,"column":1}},"8":{"start":{"line":15,"column":4},"end":{"line":21,"column":5}},"9":{"start":{"line":16,"column":25},"end":{"line":16,"column":56}},"10":{"start":{"line":17,"column":8},"end":{"line":17,"column":27}},"11":{"start":{"line":19,"column":8},"end":{"line":19,"column":27}},"12":{"start":{"line":20,"column":8},"end":{"line":20,"column":55}},"13":{"start":{"line":24,"column":23},"end":{"line":42,"column":1}},"14":{"start":{"line":25,"column":15},"end":{"line":25,"column":28}},"15":{"start":{"line":26,"column":15},"end":{"line":26,"column":23}},"16":{"start":{"line":27,"column":4},"end":{"line":27,"column":20}},"17":{"start":{"line":28,"column":4},"end":{"line":28,"column":26}},"18":{"start":{"line":29,"column":4},"end":{"line":41,"column":5}},"19":{"start":{"line":30,"column":23},"end":{"line":32,"column":10}},"20":{"start":{"line":34,"column":8},"end":{"line":34,"column":75}},"21":{"start":{"line":34,"column":21},"end":{"line":34,"column":75}},"22":{"start":{"line":36,"column":8},"end":{"line":36,"column":69}},"23":{"start":{"line":38,"column":8},"end":{"line":40,"column":75}},"24":{"start":{"line":44,"column":23},"end":{"line":57,"column":1}},"25":{"start":{"line":45,"column":15},"end":{"line":45,"column":28}},"26":{"start":{"line":46,"column":4},"end":{"line":56,"column":5}},"27":{"start":{"line":47,"column":23},"end":{"line":47,"column":76}},"28":{"start":{"line":49,"column":8},"end":{"line":49,"column":75}},"29":{"start":{"line":49,"column":21},"end":{"line":49,"column":75}},"30":{"start":{"line":51,"column":8},"end":{"line":51,"column":70}},"31":{"start":{"line":53,"column":8},"end":{"line":55,"column":75}},"32":{"start":{"line":59,"column":0},"end":{"line":65,"column":2}}},"fnMap":{"0":{"name":"(anonymous_0)","decl":{"start":{"line":4,"column":20},"end":{"line":4,"column":21}},"loc":{"start":{"line":4,"column":40},"end":{"line":7,"column":1}},"line":4},"1":{"name":"(anonymous_1)","decl":{"start":{"line":9,"column":24},"end":{"line":9,"column":25}},"loc":{"start":{"line":9,"column":44},"end":{"line":12,"column":1}},"line":9},"2":{"name":"(anonymous_2)","decl":{"start":{"line":14,"column":23},"end":{"line":14,"column":24}},"loc":{"start":{"line":14,"column":43},"end":{"line":22,"column":1}},"line":14},"3":{"name":"(anonymous_3)","decl":{"start":{"line":24,"column":23},"end":{"line":24,"column":24}},"loc":{"start":{"line":24,"column":43},"end":{"line":42,"column":1}},"line":24},"4":{"name":"(anonymous_4)","decl":{"start":{"line":44,"column":23},"end":{"line":44,"column":24}},"loc":{"start":{"line":44,"column":43},"end":{"line":57,"column":1}},"line":44}},"branchMap":{"0":{"loc":{"start":{"line":34,"column":8},"end":{"line":34,"column":75}},"type":"if","locations":[{"start":{"line":34,"column":8},"end":{"line":34,"column":75}},{"start":{},"end":{}}],"line":34},"1":{"loc":{"start":{"line":49,"column":8},"end":{"line":49,"column":75}},"type":"if","locations":[{"start":{"line":49,"column":8},"end":{"line":49,"column":75}},{"start":{},"end":{}}],"line":49}},"s":{"0":1,"1":1,"2":0,"3":0,"4":1,"5":0,"6":0,"7":1,"8":0,"9":0,"10":0,"11":0,"12":0,"13":1,"14":0,"15":0,"16":0,"17":0,"18":0,"19":0,"20":0,"21":0,"22":0,"23":0,"24":1,"25":0,"26":0,"27":0,"28":0,"29":0,"30":0,"31":0,"32":1},"f":{"0":0,"1":0,"2":0,"3":0,"4":0},"b":{"0":[0,0],"1":[0,0]},"_coverageSchema":"1a1c01bbd47fc00a2c39e90264f33305004495a9","hash":"537a52d38bbc959acf93f4b8b71b9af8fbb7cdb9"}
,"D:\\DATA KULIAH\\SEMESTER 6\\BIGIO\\TUGAS\\Latihan Express\\TUGAS 1\\controller\\user.controller.js": {"path":"D:\\DATA KULIAH\\SEMESTER 6\\BIGIO\\TUGAS\\Latihan Express\\TUGAS 1\\controller\\user.controller.js","statementMap":{"0":{"start":{"line":1,"column":39},"end":{"line":1,"column":59}},"1":{"start":{"line":2,"column":31},"end":{"line":2,"column":77}},"2":{"start":{"line":4,"column":16},"end":{"line":12,"column":1}},"3":{"start":{"line":5,"column":4},"end":{"line":11,"column":5}},"4":{"start":{"line":6,"column":21},"end":{"line":6,"column":41}},"5":{"start":{"line":7,"column":8},"end":{"line":7,"column":35}},"6":{"start":{"line":9,"column":8},"end":{"line":9,"column":27}},"7":{"start":{"line":10,"column":8},"end":{"line":10,"column":55}},"8":{"start":{"line":14,"column":19},"end":{"line":35,"column":1}},"9":{"start":{"line":15,"column":21},"end":{"line":15,"column":40}},"10":{"start":{"line":16,"column":4},"end":{"line":16,"column":26}},"11":{"start":{"line":17,"column":29},"end":{"line":17,"column":57}},"12":{"start":{"line":19,"column":4},"end":{"line":23,"column":5}},"13":{"start":{"line":20,"column":8},"end":{"line":22,"column":63}},"14":{"start":{"line":25,"column":4},"end":{"line":34,"column":5}},"15":{"start":{"line":26,"column":23},"end":{"line":26,"column":76}},"16":{"start":{"line":28,"column":8},"end":{"line":28,"column":75}},"17":{"start":{"line":28,"column":21},"end":{"line":28,"column":75}},"18":{"start":{"line":29,"column":8},"end":{"line":29,"column":70}},"19":{"start":{"line":31,"column":8},"end":{"line":33,"column":75}},"20":{"start":{"line":37,"column":0},"end":{"line":40,"column":2}}},"fnMap":{"0":{"name":"(anonymous_0)","decl":{"start":{"line":4,"column":16},"end":{"line":4,"column":17}},"loc":{"start":{"line":4,"column":36},"end":{"line":12,"column":1}},"line":4},"1":{"name":"(anonymous_1)","decl":{"start":{"line":14,"column":19},"end":{"line":14,"column":20}},"loc":{"start":{"line":14,"column":39},"end":{"line":35,"column":1}},"line":14}},"branchMap":{"0":{"loc":{"start":{"line":19,"column":4},"end":{"line":23,"column":5}},"type":"if","locations":[{"start":{"line":19,"column":4},"end":{"line":23,"column":5}},{"start":{},"end":{}}],"line":19},"1":{"loc":{"start":{"line":28,"column":8},"end":{"line":28,"column":75}},"type":"if","locations":[{"start":{"line":28,"column":8},"end":{"line":28,"column":75}},{"start":{},"end":{}}],"line":28}},"s":{"0":1,"1":1,"2":1,"3":3,"4":3,"5":3,"6":0,"7":0,"8":1,"9":77,"10":77,"11":77,"12":77,"13":1,"14":76,"15":76,"16":76,"17":0,"18":76,"19":0,"20":1},"f":{"0":3,"1":77},"b":{"0":[1,76],"1":[0,76]},"_coverageSchema":"1a1c01bbd47fc00a2c39e90264f33305004495a9","hash":"2b3309d35b4ba38a83f9f5f453ea2f738837adbb"}
,"D:\\DATA KULIAH\\SEMESTER 6\\BIGIO\\TUGAS\\Latihan Express\\TUGAS 1\\models\\attendance.js": {"path":"D:\\DATA KULIAH\\SEMESTER 6\\BIGIO\\TUGAS\\Latihan Express\\TUGAS 1\\models\\attendance.js","statementMap":{"0":{"start":{"line":2,"column":18},"end":{"line":2,"column":38}},"1":{"start":{"line":3,"column":0},"end":{"line":54,"column":2}},"2":{"start":{"line":12,"column":12},"end":{"line":14,"column":15}},"3":{"start":{"line":17,"column":4},"end":{"line":52,"column":6}},"4":{"start":{"line":53,"column":4},"end":{"line":53,"column":22}}},"fnMap":{"0":{"name":"(anonymous_0)","decl":{"start":{"line":3,"column":17},"end":{"line":3,"column":18}},"loc":{"start":{"line":3,"column":43},"end":{"line":54,"column":1}},"line":3},"1":{"name":"(anonymous_1)","decl":{"start":{"line":10,"column":8},"end":{"line":10,"column":9}},"loc":{"start":{"line":10,"column":33},"end":{"line":15,"column":9}},"line":10}},"branchMap":{},"s":{"0":1,"1":1,"2":1,"3":1,"4":1},"f":{"0":1,"1":1},"b":{},"_coverageSchema":"1a1c01bbd47fc00a2c39e90264f33305004495a9","hash":"09089f15ae76dd616f719b9fff3c8771f0475725"}
,"D:\\DATA KULIAH\\SEMESTER 6\\BIGIO\\TUGAS\\Latihan Express\\TUGAS 1\\models\\employee.js": {"path":"D:\\DATA KULIAH\\SEMESTER 6\\BIGIO\\TUGAS\\Latihan Express\\TUGAS 1\\models\\employee.js","statementMap":{"0":{"start":{"line":2,"column":18},"end":{"line":2,"column":38}},"1":{"start":{"line":3,"column":0},"end":{"line":43,"column":2}},"2":{"start":{"line":11,"column":12},"end":{"line":13,"column":15}},"3":{"start":{"line":16,"column":4},"end":{"line":41,"column":6}},"4":{"start":{"line":42,"column":4},"end":{"line":42,"column":20}}},"fnMap":{"0":{"name":"(anonymous_0)","decl":{"start":{"line":3,"column":17},"end":{"line":3,"column":18}},"loc":{"start":{"line":3,"column":43},"end":{"line":43,"column":1}},"line":3},"1":{"name":"(anonymous_1)","decl":{"start":{"line":10,"column":8},"end":{"line":10,"column":9}},"loc":{"start":{"line":10,"column":33},"end":{"line":14,"column":9}},"line":10}},"branchMap":{},"s":{"0":1,"1":1,"2":1,"3":1,"4":1},"f":{"0":1,"1":1},"b":{},"_coverageSchema":"1a1c01bbd47fc00a2c39e90264f33305004495a9","hash":"04e5c406a6afba17cc7874114029627f5a7a4712"}
,"D:\\DATA KULIAH\\SEMESTER 6\\BIGIO\\TUGAS\\Latihan Express\\TUGAS 1\\models\\index.js": {"path":"D:\\DATA KULIAH\\SEMESTER 6\\BIGIO\\TUGAS\\Latihan Express\\TUGAS 1\\models\\index.js","statementMap":{"0":{"start":{"line":3,"column":11},"end":{"line":3,"column":24}},"1":{"start":{"line":4,"column":13},"end":{"line":4,"column":28}},"2":{"start":{"line":5,"column":18},"end":{"line":5,"column":38}},"3":{"start":{"line":6,"column":16},"end":{"line":6,"column":34}},"4":{"start":{"line":7,"column":17},"end":{"line":7,"column":42}},"5":{"start":{"line":8,"column":12},"end":{"line":8,"column":49}},"6":{"start":{"line":9,"column":15},"end":{"line":9,"column":63}},"7":{"start":{"line":10,"column":11},"end":{"line":10,"column":13}},"8":{"start":{"line":13,"column":0},"end":{"line":22,"column":1}},"9":{"start":{"line":14,"column":4},"end":{"line":14,"column":76}},"10":{"start":{"line":16,"column":4},"end":{"line":21,"column":6}},"11":{"start":{"line":24,"column":0},"end":{"line":39,"column":7}},"12":{"start":{"line":26,"column":8},"end":{"line":31,"column":10}},"13":{"start":{"line":34,"column":22},"end":{"line":37,"column":9}},"14":{"start":{"line":38,"column":8},"end":{"line":38,"column":31}},"15":{"start":{"line":41,"column":0},"end":{"line":45,"column":3}},"16":{"start":{"line":42,"column":4},"end":{"line":44,"column":5}},"17":{"start":{"line":43,"column":8},"end":{"line":43,"column":36}},"18":{"start":{"line":47,"column":0},"end":{"line":47,"column":25}},"19":{"start":{"line":48,"column":0},"end":{"line":48,"column":25}},"20":{"start":{"line":50,"column":0},"end":{"line":50,"column":20}}},"fnMap":{"0":{"name":"(anonymous_0)","decl":{"start":{"line":25,"column":12},"end":{"line":25,"column":13}},"loc":{"start":{"line":25,"column":22},"end":{"line":32,"column":5}},"line":25},"1":{"name":"(anonymous_1)","decl":{"start":{"line":33,"column":13},"end":{"line":33,"column":14}},"loc":{"start":{"line":33,"column":23},"end":{"line":39,"column":5}},"line":33},"2":{"name":"(anonymous_2)","decl":{"start":{"line":41,"column":24},"end":{"line":41,"column":25}},"loc":{"start":{"line":41,"column":39},"end":{"line":45,"column":1}},"line":41}},"branchMap":{"0":{"loc":{"start":{"line":8,"column":12},"end":{"line":8,"column":49}},"type":"binary-expr","locations":[{"start":{"line":8,"column":12},"end":{"line":8,"column":32}},{"start":{"line":8,"column":36},"end":{"line":8,"column":49}}],"line":8},"1":{"loc":{"start":{"line":13,"column":0},"end":{"line":22,"column":1}},"type":"if","locations":[{"start":{"line":13,"column":0},"end":{"line":22,"column":1}},{"start":{"line":15,"column":7},"end":{"line":22,"column":1}}],"line":13},"2":{"loc":{"start":{"line":27,"column":12},"end":{"line":30,"column":43}},"type":"binary-expr","locations":[{"start":{"line":27,"column":12},"end":{"line":27,"column":35}},{"start":{"line":28,"column":12},"end":{"line":28,"column":29}},{"start":{"line":29,"column":12},"end":{"line":29,"column":36}},{"start":{"line":30,"column":12},"end":{"line":30,"column":43}}],"line":27},"3":{"loc":{"start":{"line":42,"column":4},"end":{"line":44,"column":5}},"type":"if","locations":[{"start":{"line":42,"column":4},"end":{"line":44,"column":5}},{"start":{},"end":{}}],"line":42}},"s":{"0":1,"1":1,"2":1,"3":1,"4":1,"5":1,"6":1,"7":1,"8":1,"9":0,"10":1,"11":1,"12":4,"13":3,"14":3,"15":1,"16":3,"17":3,"18":1,"19":1,"20":1},"f":{"0":4,"1":3,"2":3},"b":{"0":[1,0],"1":[0,1],"2":[4,4,3,3],"3":[3,0]},"_coverageSchema":"1a1c01bbd47fc00a2c39e90264f33305004495a9","hash":"6b04177d37736339f12cdae1c19b80f0e3ceb234"}
,"D:\\DATA KULIAH\\SEMESTER 6\\BIGIO\\TUGAS\\Latihan Express\\TUGAS 1\\models\\user.js": {"path":"D:\\DATA KULIAH\\SEMESTER 6\\BIGIO\\TUGAS\\Latihan Express\\TUGAS 1\\models\\user.js","statementMap":{"0":{"start":{"line":2,"column":18},"end":{"line":2,"column":38}},"1":{"start":{"line":3,"column":0},"end":{"line":31,"column":2}},"2":{"start":{"line":14,"column":4},"end":{"line":29,"column":6}},"3":{"start":{"line":30,"column":4},"end":{"line":30,"column":16}}},"fnMap":{"0":{"name":"(anonymous_0)","decl":{"start":{"line":3,"column":17},"end":{"line":3,"column":18}},"loc":{"start":{"line":3,"column":43},"end":{"line":31,"column":1}},"line":3},"1":{"name":"(anonymous_1)","decl":{"start":{"line":10,"column":8},"end":{"line":10,"column":9}},"loc":{"start":{"line":10,"column":33},"end":{"line":12,"column":9}},"line":10}},"branchMap":{},"s":{"0":1,"1":1,"2":1,"3":1},"f":{"0":1,"1":1},"b":{},"_coverageSchema":"1a1c01bbd47fc00a2c39e90264f33305004495a9","hash":"343957d0ea161da4b335419825842d250b989050"}
,"D:\\DATA KULIAH\\SEMESTER 6\\BIGIO\\TUGAS\\Latihan Express\\TUGAS 1\\routes\\attendance.routes.js": {"path":"D:\\DATA KULIAH\\SEMESTER 6\\BIGIO\\TUGAS\\Latihan Express\\TUGAS 1\\routes\\attendance.routes.js","statementMap":{"0":{"start":{"line":1,"column":16},"end":{"line":1,"column":34}},"1":{"start":{"line":9,"column":4},"end":{"line":9,"column":50}},"2":{"start":{"line":10,"column":15},"end":{"line":10,"column":31}},"3":{"start":{"line":12,"column":0},"end":{"line":12,"column":42}},"4":{"start":{"line":13,"column":0},"end":{"line":13,"column":63}},"5":{"start":{"line":14,"column":0},"end":{"line":14,"column":50}},"6":{"start":{"line":15,"column":0},"end":{"line":15,"column":47}},"7":{"start":{"line":16,"column":0},"end":{"line":16,"column":49}},"8":{"start":{"line":17,"column":0},"end":{"line":17,"column":52}},"9":{"start":{"line":19,"column":0},"end":{"line":19,"column":24}}},"fnMap":{},"branchMap":{},"s":{"0":1,"1":1,"2":1,"3":1,"4":1,"5":1,"6":1,"7":1,"8":1,"9":1},"f":{},"b":{},"_coverageSchema":"1a1c01bbd47fc00a2c39e90264f33305004495a9","hash":"ada0feb26f5887100e78e217985be9acc12a4838"}
,"D:\\DATA KULIAH\\SEMESTER 6\\BIGIO\\TUGAS\\Latihan Express\\TUGAS 1\\routes\\auth.routes.js": {"path":"D:\\DATA KULIAH\\SEMESTER 6\\BIGIO\\TUGAS\\Latihan Express\\TUGAS 1\\routes\\auth.routes.js","statementMap":{"0":{"start":{"line":1,"column":16},"end":{"line":1,"column":34}},"1":{"start":{"line":2,"column":27},"end":{"line":2,"column":67}},"2":{"start":{"line":3,"column":15},"end":{"line":3,"column":31}},"3":{"start":{"line":5,"column":0},"end":{"line":5,"column":29}},"4":{"start":{"line":6,"column":0},"end":{"line":6,"column":37}},"5":{"start":{"line":8,"column":0},"end":{"line":8,"column":24}}},"fnMap":{},"branchMap":{},"s":{"0":1,"1":1,"2":1,"3":1,"4":1,"5":1},"f":{},"b":{},"_coverageSchema":"1a1c01bbd47fc00a2c39e90264f33305004495a9","hash":"f2e10a9d85c01d67abaccf066637f322b803fd26"}
,"D:\\DATA KULIAH\\SEMESTER 6\\BIGIO\\TUGAS\\Latihan Express\\TUGAS 1\\routes\\employee.routes.js": {"path":"D:\\DATA KULIAH\\SEMESTER 6\\BIGIO\\TUGAS\\Latihan Express\\TUGAS 1\\routes\\employee.routes.js","statementMap":{"0":{"start":{"line":1,"column":16},"end":{"line":1,"column":34}},"1":{"start":{"line":8,"column":4},"end":{"line":8,"column":48}},"2":{"start":{"line":9,"column":15},"end":{"line":9,"column":31}},"3":{"start":{"line":11,"column":0},"end":{"line":11,"column":38}},"4":{"start":{"line":12,"column":0},"end":{"line":12,"column":46}},"5":{"start":{"line":13,"column":0},"end":{"line":13,"column":43}},"6":{"start":{"line":14,"column":0},"end":{"line":14,"column":45}},"7":{"start":{"line":15,"column":0},"end":{"line":15,"column":48}},"8":{"start":{"line":17,"column":0},"end":{"line":17,"column":24}}},"fnMap":{},"branchMap":{},"s":{"0":1,"1":1,"2":1,"3":1,"4":1,"5":1,"6":1,"7":1,"8":1},"f":{},"b":{},"_coverageSchema":"1a1c01bbd47fc00a2c39e90264f33305004495a9","hash":"03d0051e0979b71f9b3b12e02ae9d3efbe199bfb"}
,"D:\\DATA KULIAH\\SEMESTER 6\\BIGIO\\TUGAS\\Latihan Express\\TUGAS 1\\routes\\user.routes.js": {"path":"D:\\DATA KULIAH\\SEMESTER 6\\BIGIO\\TUGAS\\Latihan Express\\TUGAS 1\\routes\\user.routes.js","statementMap":{"0":{"start":{"line":1,"column":16},"end":{"line":1,"column":34}},"1":{"start":{"line":2,"column":32},"end":{"line":2,"column":72}},"2":{"start":{"line":3,"column":15},"end":{"line":3,"column":31}},"3":{"start":{"line":5,"column":0},"end":{"line":5,"column":30}},"4":{"start":{"line":6,"column":0},"end":{"line":6,"column":46}},"5":{"start":{"line":8,"column":0},"end":{"line":8,"column":24}}},"fnMap":{},"branchMap":{},"s":{"0":1,"1":1,"2":1,"3":1,"4":1,"5":1},"f":{},"b":{},"_coverageSchema":"1a1c01bbd47fc00a2c39e90264f33305004495a9","hash":"c890ebded6fca78d21203b7343f96882d00254e5"}
,"D:\\DATA KULIAH\\SEMESTER 6\\BIGIO\\TUGAS\\Latihan Express\\TUGAS 1\\utils\\bcrypt.js": {"path":"D:\\DATA KULIAH\\SEMESTER 6\\BIGIO\\TUGAS\\Latihan Express\\TUGAS 1\\utils\\bcrypt.js","statementMap":{"0":{"start":{"line":1,"column":15},"end":{"line":1,"column":32}},"1":{"start":{"line":3,"column":19},"end":{"line":3,"column":21}},"2":{"start":{"line":6,"column":4},"end":{"line":6,"column":45}},"3":{"start":{"line":9,"column":4},"end":{"line":9,"column":50}},"4":{"start":{"line":12,"column":0},"end":{"line":15,"column":2}}},"fnMap":{"0":{"name":"hashPassword","decl":{"start":{"line":5,"column":9},"end":{"line":5,"column":21}},"loc":{"start":{"line":5,"column":32},"end":{"line":7,"column":1}},"line":5},"1":{"name":"comparePassword","decl":{"start":{"line":8,"column":9},"end":{"line":8,"column":24}},"loc":{"start":{"line":8,"column":49},"end":{"line":10,"column":1}},"line":8}},"branchMap":{},"s":{"0":1,"1":1,"2":0,"3":0,"4":1},"f":{"0":0,"1":0},"b":{},"_coverageSchema":"1a1c01bbd47fc00a2c39e90264f33305004495a9","hash":"eda04d1dcb2667b8c674c6b45973dea78b1b00f7"}
,"D:\\DATA KULIAH\\SEMESTER 6\\BIGIO\\TUGAS\\Latihan Express\\TUGAS 1\\utils\\jwt.js": {"path":"D:\\DATA KULIAH\\SEMESTER 6\\BIGIO\\TUGAS\\Latihan Express\\TUGAS 1\\utils\\jwt.js","statementMap":{"0":{"start":{"line":1,"column":12},"end":{"line":1,"column":35}},"1":{"start":{"line":3,"column":15},"end":{"line":3,"column":44}},"2":{"start":{"line":6,"column":20},"end":{"line":9,"column":5}},"3":{"start":{"line":10,"column":4},"end":{"line":10,"column":58}},"4":{"start":{"line":14,"column":4},"end":{"line":14,"column":37}},"5":{"start":{"line":17,"column":0},"end":{"line":20,"column":2}}},"fnMap":{"0":{"name":"generateToken","decl":{"start":{"line":5,"column":9},"end":{"line":5,"column":22}},"loc":{"start":{"line":5,"column":29},"end":{"line":11,"column":1}},"line":5},"1":{"name":"verifyToken","decl":{"start":{"line":13,"column":9},"end":{"line":13,"column":20}},"loc":{"start":{"line":13,"column":28},"end":{"line":15,"column":1}},"line":13}},"branchMap":{},"s":{"0":1,"1":1,"2":0,"3":0,"4":0,"5":1},"f":{"0":0,"1":0},"b":{},"_coverageSchema":"1a1c01bbd47fc00a2c39e90264f33305004495a9","hash":"c664946f8a4273674144901bc9204496f95f48b9"}
,"D:\\DATA KULIAH\\SEMESTER 6\\BIGIO\\TUGAS\\Latihan Express\\TUGAS 1\\validation\\deleteUser.validation.js": {"path":"D:\\DATA KULIAH\\SEMESTER 6\\BIGIO\\TUGAS\\Latihan Express\\TUGAS 1\\validation\\deleteUser.validation.js","statementMap":{"0":{"start":{"line":1,"column":12},"end":{"line":1,"column":26}},"1":{"start":{"line":3,"column":19},"end":{"line":9,"column":65}},"2":{"start":{"line":11,"column":0},"end":{"line":13,"column":2}},"3":{"start":{"line":12,"column":34},"end":{"line":12,"column":59}}},"fnMap":{"0":{"name":"(anonymous_0)","decl":{"start":{"line":12,"column":24},"end":{"line":12,"column":25}},"loc":{"start":{"line":12,"column":34},"end":{"line":12,"column":59}},"line":12}},"branchMap":{},"s":{"0":1,"1":1,"2":1,"3":77},"f":{"0":77},"b":{},"_coverageSchema":"1a1c01bbd47fc00a2c39e90264f33305004495a9","hash":"45eac3f0aa3e482a88722d85ce8b33d94f80c4db"}
,"D:\\DATA KULIAH\\SEMESTER 6\\BIGIO\\TUGAS\\Latihan Express\\TUGAS 1\\validation\\signUp.validation.js": {"path":"D:\\DATA KULIAH\\SEMESTER 6\\BIGIO\\TUGAS\\Latihan Express\\TUGAS 1\\validation\\signUp.validation.js","statementMap":{"0":{"start":{"line":1,"column":12},"end":{"line":1,"column":26}},"1":{"start":{"line":3,"column":19},"end":{"line":20,"column":2}},"2":{"start":{"line":22,"column":0},"end":{"line":24,"column":2}},"3":{"start":{"line":23,"column":30},"end":{"line":23,"column":55}}},"fnMap":{"0":{"name":"(anonymous_0)","decl":{"start":{"line":23,"column":20},"end":{"line":23,"column":21}},"loc":{"start":{"line":23,"column":30},"end":{"line":23,"column":55}},"line":23}},"branchMap":{},"s":{"0":1,"1":1,"2":1,"3":0},"f":{"0":0},"b":{},"_coverageSchema":"1a1c01bbd47fc00a2c39e90264f33305004495a9","hash":"5df5cba50dbdaf01fb0f138b868ec58cee15acd3"}
}
