TN:
SF:app.js
FN:20,(anonymous_0)
FNF:1
FNH:1
FNDA:3,(anonymous_0)
DA:1,3
DA:2,3
DA:3,3
DA:4,3
DA:5,3
DA:7,3
DA:8,3
DA:9,3
DA:10,3
DA:12,3
DA:13,3
DA:14,3
DA:15,3
DA:16,3
DA:17,3
DA:18,3
DA:20,3
DA:21,3
DA:23,3
LF:19
LH:19
BRF:0
BRH:0
end_of_record
TN:
SF:config\config.js
FNF:0
FNH:0
DA:1,3
DA:3,3
DA:5,3
LF:3
LH:3
BRF:0
BRH:0
end_of_record
TN:
SF:controller\attendance.controller.js
FN:4,(anonymous_0)
FN:59,(anonymous_1)
FN:90,(anonymous_2)
FN:106,(anonymous_3)
FN:116,(anonymous_4)
FN:134,(anonymous_5)
FNF:6
FNH:0
FNDA:0,(anonymous_0)
FNDA:0,(anonymous_1)
FNDA:0,(anonymous_2)
FNDA:0,(anonymous_3)
FNDA:0,(anonymous_4)
FNDA:0,(anonymous_5)
DA:1,3
DA:2,3
DA:4,3
DA:5,0
DA:7,0
DA:8,0
DA:13,0
DA:15,0
DA:16,0
DA:17,0
DA:18,0
DA:23,0
DA:25,0
DA:26,0
DA:30,0
DA:32,0
DA:33,0
DA:36,0
DA:37,0
DA:59,3
DA:60,0
DA:61,0
DA:63,0
DA:64,0
DA:65,0
DA:66,0
DA:68,0
DA:79,0
DA:85,0
DA:86,0
DA:90,3
DA:91,0
DA:92,0
DA:99,0
DA:101,0
DA:102,0
DA:106,3
DA:107,0
DA:108,0
DA:109,0
DA:111,0
DA:112,0
DA:116,3
DA:117,0
DA:118,0
DA:119,0
DA:120,0
DA:124,0
DA:126,0
DA:128,0
DA:134,3
DA:135,0
DA:136,0
DA:137,0
DA:141,0
DA:143,0
DA:145,0
DA:151,3
LF:58
LH:9
BRDA:7,0,0,0
BRDA:7,0,1,0
BRDA:7,1,0,0
BRDA:7,1,1,0
BRDA:17,2,0,0
BRDA:17,2,1,0
BRDA:60,3,0,0
BRDA:60,4,0,0
BRDA:124,5,0,0
BRDA:124,5,1,0
BRDA:141,6,0,0
BRDA:141,6,1,0
BRF:12
BRH:0
end_of_record
TN:
SF:controller\auth.controller.js
FN:6,(anonymous_0)
FN:37,(anonymous_1)
FNF:2
FNH:2
FNDA:4,(anonymous_0)
FNDA:6,(anonymous_1)
DA:1,3
DA:2,3
DA:3,3
DA:4,3
DA:6,3
DA:7,4
DA:8,4
DA:13,4
DA:14,1
DA:19,3
DA:20,3
DA:21,1
DA:26,2
DA:27,2
DA:28,1
DA:32,1
DA:34,1
DA:37,3
DA:38,6
DA:39,6
DA:44,6
DA:45,3
DA:50,3
DA:52,3
DA:53,1
DA:56,2
DA:58,2
DA:59,2
DA:64,1
DA:66,1
DA:68,1
DA:75,3
LF:32
LH:32
BRDA:13,0,0,1
BRDA:13,0,1,3
BRDA:20,1,0,1
BRDA:20,1,1,2
BRDA:27,2,0,1
BRDA:27,2,1,1
BRDA:44,3,0,3
BRDA:44,3,1,3
BRDA:52,4,0,1
BRDA:52,4,1,2
BRF:10
BRH:10
end_of_record
TN:
SF:controller\employee.controller.js
FN:7,(anonymous_0)
FN:16,(anonymous_1)
FN:33,(anonymous_2)
FN:54,(anonymous_3)
FN:80,(anonymous_4)
FNF:5
FNH:5
FNDA:4,(anonymous_0)
FNDA:1,(anonymous_1)
FNDA:4,(anonymous_2)
FNDA:2,(anonymous_3)
FNDA:1,(anonymous_4)
DA:1,3
DA:5,3
DA:7,3
DA:8,4
DA:9,4
DA:10,2
DA:12,2
DA:16,3
DA:17,1
DA:19,1
DA:22,1
DA:23,0
DA:25,1
DA:26,1
DA:27,1
DA:29,0
DA:33,3
DA:34,4
DA:36,4
DA:38,4
DA:39,2
DA:42,2
DA:43,2
DA:44,1
DA:46,1
DA:47,1
DA:54,3
DA:55,2
DA:56,2
DA:58,2
DA:60,2
DA:61,1
DA:64,1
DA:65,1
DA:69,1
DA:71,1
DA:73,0
DA:80,3
DA:81,1
DA:82,1
DA:83,1
DA:85,1
DA:87,0
DA:89,0
DA:95,3
LF:45
LH:40
BRDA:22,0,0,0
BRDA:22,0,1,1
BRDA:38,1,0,2
BRDA:38,1,1,2
BRDA:60,2,0,1
BRDA:60,2,1,1
BRDA:69,3,0,0
BRDA:69,3,1,1
BRDA:85,4,0,1
BRDA:85,4,1,0
BRF:10
BRH:7
end_of_record
TN:
SF:controller\user.controller.js
FN:3,(anonymous_0)
FN:13,(anonymous_1)
FNF:2
FNH:2
FNDA:3,(anonymous_0)
FNDA:14,(anonymous_1)
DA:1,3
DA:2,3
DA:3,3
DA:4,3
DA:5,3
DA:6,2
DA:9,1
DA:13,3
DA:14,14
DA:15,14
DA:16,14
DA:17,1
DA:22,13
DA:23,13
DA:25,12
DA:26,11
DA:28,1
DA:35,3
LF:18
LH:18
BRDA:16,0,0,1
BRDA:16,0,1,13
BRDA:25,1,0,1
BRDA:25,1,1,11
BRF:4
BRH:4
end_of_record
TN:
SF:models\attendance.js
FN:3,(anonymous_0)
FN:10,(anonymous_1)
FNF:2
FNH:2
FNDA:3,(anonymous_0)
FNDA:3,(anonymous_1)
DA:2,3
DA:3,3
DA:12,3
DA:17,3
DA:53,3
LF:5
LH:5
BRF:0
BRH:0
end_of_record
TN:
SF:models\employee.js
FN:3,(anonymous_0)
FN:10,(anonymous_1)
FNF:2
FNH:2
FNDA:3,(anonymous_0)
FNDA:3,(anonymous_1)
DA:2,3
DA:3,3
DA:11,3
DA:16,3
DA:42,3
LF:5
LH:5
BRF:0
BRH:0
end_of_record
TN:
SF:models\index.js
FN:25,(anonymous_0)
FN:33,(anonymous_1)
FN:41,(anonymous_2)
FNF:3
FNH:3
FNDA:12,(anonymous_0)
FNDA:9,(anonymous_1)
FNDA:9,(anonymous_2)
DA:3,3
DA:4,3
DA:5,3
DA:6,3
DA:7,3
DA:8,3
DA:9,3
DA:10,3
DA:13,3
DA:14,0
DA:16,3
DA:24,3
DA:26,12
DA:34,9
DA:38,9
DA:41,3
DA:42,9
DA:43,9
DA:47,3
DA:48,3
DA:50,3
LF:21
LH:20
BRDA:8,0,0,3
BRDA:8,0,1,0
BRDA:13,1,0,0
BRDA:13,1,1,3
BRDA:27,2,0,12
BRDA:27,2,1,12
BRDA:27,2,2,9
BRDA:27,2,3,9
BRDA:42,3,0,9
BRDA:42,3,1,0
BRF:10
BRH:7
end_of_record
TN:
SF:models\user.js
FN:3,(anonymous_0)
FN:10,(anonymous_1)
FNF:2
FNH:2
FNDA:3,(anonymous_0)
FNDA:3,(anonymous_1)
DA:2,3
DA:3,3
DA:14,3
DA:30,3
LF:4
LH:4
BRF:0
BRH:0
end_of_record
TN:
SF:routes\attendance.routes.js
FNF:0
FNH:0
DA:1,3
DA:9,3
DA:10,3
DA:12,3
DA:13,3
DA:14,3
DA:15,3
DA:16,3
DA:17,3
DA:19,3
LF:10
LH:10
BRF:0
BRH:0
end_of_record
TN:
SF:routes\auth.routes.js
FNF:0
FNH:0
DA:1,3
DA:2,3
DA:3,3
DA:5,3
DA:6,3
DA:8,3
LF:6
LH:6
BRF:0
BRH:0
end_of_record
TN:
SF:routes\employee.routes.js
FNF:0
FNH:0
DA:1,3
DA:8,3
DA:9,3
DA:11,3
DA:12,3
DA:13,3
DA:14,3
DA:15,3
DA:17,3
LF:9
LH:9
BRF:0
BRH:0
end_of_record
TN:
SF:routes\user.routes.js
FNF:0
FNH:0
DA:1,3
DA:2,3
DA:3,3
DA:5,3
DA:6,3
DA:8,3
LF:6
LH:6
BRF:0
BRH:0
end_of_record
TN:
SF:utils\bcrypt.js
FN:5,hashPassword
FN:8,comparePassword
FNF:2
FNH:2
FNDA:5,hashPassword
FNDA:2,comparePassword
DA:1,3
DA:3,3
DA:6,5
DA:9,2
DA:12,3
LF:5
LH:5
BRF:0
BRH:0
end_of_record
TN:
SF:utils\jwt.js
FN:5,generateToken
FN:13,verifyToken
FNF:2
FNH:1
FNDA:2,generateToken
FNDA:0,verifyToken
DA:1,3
DA:3,3
DA:6,2
DA:10,2
DA:14,0
DA:17,3
LF:6
LH:5
BRF:0
BRH:0
end_of_record
TN:
SF:validation\employee.validation.js
FN:16,(anonymous_0)
FN:17,(anonymous_1)
FNF:2
FNH:2
FNDA:4,(anonymous_0)
FNDA:3,(anonymous_1)
DA:1,3
DA:3,3
DA:13,3
DA:15,3
DA:16,4
DA:17,3
LF:6
LH:6
BRF:0
BRH:0
end_of_record
TN:
SF:validation\user.validation.js
FN:41,(anonymous_0)
FN:41,(anonymous_1)
FNF:2
FNH:2
FNDA:6,(anonymous_0)
FNDA:24,(anonymous_1)
DA:39,3
DA:41,24
DA:43,3
DA:55,3
DA:60,3
DA:67,3
DA:69,3
LF:7
LH:7
BRF:0
BRH:0
end_of_record
